@nix { "action": "setPhase", "phase": "unpackPhase" }
Running phase: unpackPhase
unpacking source archive /nix/store/swmaf3m28zrv8q937gw03mlbbj1f3fvg-source
source root is source
patching script interpreter paths in source/doc/input-filter-md.py source/doc/input-filter.py source/doc/man-fixup.py
source/doc/input-filter-md.py: interpreter directive changed from "#!/usr/bin/env python3" to "/nix/store/pfv4raslwhi3101k342752v65zxkwrxq-python3-3.11.9/bin/python3"
source/doc/input-filter.py: interpreter directive changed from "#!/usr/bin/env python3" to "/nix/store/pfv4raslwhi3101k342752v65zxkwrxq-python3-3.11.9/bin/python3"
source/doc/man-fixup.py: interpreter directive changed from "#!/usr/bin/python3" to "/nix/store/pfv4raslwhi3101k342752v65zxkwrxq-python3-3.11.9/bin/python3"
patching script interpreter paths in source/doc/input-filter-h.sh
source/doc/input-filter-h.sh: interpreter directive changed from "#!/usr/bin/env bash" to "/nix/store/5jw69mbaj5dg4l2bj58acg3gxywfszpj-bash-5.2p26/bin/bash"
@nix { "action": "setPhase", "phase": "patchPhase" }
Running phase: patchPhase
applying patch /nix/store/alz6da3wnrpjfq1gm6qlbkl5ldg7riv4-0060-libjack-path.patch
patching file src/modules/meson.build
Hunk #1 succeeded at 187 (offset 18 lines).
patching file src/modules/module-jack-tunnel/weakjack.h
applying patch /nix/store/a688bd5jzc5mihk1yc63j7chna71js4v-0070-installed-tests-path.patch
patching file meson.build
Hunk #1 succeeded at 453 with fuzz 2 (offset 73 lines).
patching file meson_options.txt
@nix { "action": "setPhase", "phase": "updateAutotoolsGnuConfigScriptsPhase" }
Running phase: updateAutotoolsGnuConfigScriptsPhase
@nix { "action": "setPhase", "phase": "configurePhase" }
Running phase: configurePhase
mesonConfigurePhase flags: --prefix=/nix/store/6nhiwz8jqaw995dw0x1z350zz4q0kw80-pipewire-1.0.7 --libdir=/nix/store/6nhiwz8jqaw995dw0x1z350zz4q0kw80-pipewire-1.0.7/lib --libexecdir=/nix/store/6nhiwz8jqaw995dw0x1z350zz4q0kw80-pipewire-1.0.7/libexec --bindir=/nix/store/6nhiwz8jqaw995dw0x1z350zz4q0kw80-pipewire-1.0.7/bin --sbindir=/nix/store/6nhiwz8jqaw995dw0x1z350zz4q0kw80-pipewire-1.0.7/sbin --includedir=/nix/store/q2j35dhgz3xbibp1skibjjljiadaxg89-pipewire-1.0.7-dev/include --mandir=/nix/store/ab39gw3qjnik2s653x31dm29hqm4w111-pipewire-1.0.7-man/share/man --infodir=/nix/store/6nhiwz8jqaw995dw0x1z350zz4q0kw80-pipewire-1.0.7/share/info --localedir=/nix/store/6nhiwz8jqaw995dw0x1z350zz4q0kw80-pipewire-1.0.7/share/locale -Dauto_features=enabled -Dwrap_mode=nodownload --buildtype=plain -Ddocs=enabled -Dudevrulesdir=lib/udev/rules.d -Dinstalled_tests=enabled -Dinstalled_test_prefix=/nix/store/c2q7k0vk7x66581rqyizy5gvi45q5v95-pipewire-1.0.7-installedTests -Dlibjack-path=/nix/store/qx7k6jskf9bzq0fq94lrmyzsqda4j7jn-pipewire-1.0.7-jack/lib -Dlibcamera=enabled -Dlibffado=enabled -Droc=enabled -Dlibpulse=enabled -Davahi=enabled -Dgstreamer=disabled -Dsystemd=enabled -Dsystemd-system-service=enabled -Dudev=disabled -Dffmpeg=enabled -Dpw-cat-ffmpeg=enabled -Dbluez5=enabled -Dbluez5-backend-hsp-native=enabled -Dbluez5-backend-hfp-native=enabled -Dbluez5-backend-native-mm=enabled -Dbluez5-backend-ofono=enabled -Dbluez5-backend-hsphfpd=enabled -Dbluez5-codec-lc3plus=disabled -Dbluez5-codec-lc3=enabled -Dbluez5-codec-ldac=enabled -Dopus=enabled -Dsysconfdir=/etc -Draop=enabled -Dsession-managers= -Dvulkan=enabled -Dx11=enabled -Dx11-xfixes=enabled -Dlibcanberra=enabled -Dlibmysofa=enabled -Dsdl2=disabled -Drlimits-install=false -Dcompress-offload=enabled -Dman=enabled
[1mThe Meson build system[0m
Version: 1.4.1
Source dir: [1m/build/source[0m
Build dir: [1m/build/source/build[0m
Build type: [1mnative build[0m
Project name: [1mpipewire[0m
Project version: [1m1.0.7[0m
C compiler for the host machine: [1mgcc[0m (gcc 13.2.0 "gcc (GCC) 13.2.0")
C linker for the host machine: [1mgcc[0m ld.bfd 2.41
Host machine cpu family: [1mx86_64[0m
Host machine cpu: [1mx86_64[0m
Has header "[1mfeatures.h[0m" : [1;32mYES[0m 
Fetching value of define "[1m__GLIBC__[0m" : 2 
Compiler for C supports arguments -fvisibility=hidden: [1;32mYES[0m 
Compiler for C supports arguments -fno-strict-aliasing: [1;32mYES[0m 
Compiler for C supports arguments -Werror=suggest-attribute=format: [1;32mYES[0m 
Compiler for C supports arguments -Wsign-compare: [1;32mYES[0m 
Compiler for C supports arguments -Wpointer-arith: [1;32mYES[0m 
Compiler for C supports arguments -Wpointer-sign: [1;32mYES[0m 
Compiler for C supports arguments -Wformat: [1;32mYES[0m 
Compiler for C supports arguments -Wformat-security: [1;32mYES[0m 
Compiler for C supports arguments -Wimplicit-fallthrough: [1;32mYES[0m 
Compiler for C supports arguments -Wmissing-braces: [1;32mYES[0m 
Compiler for C supports arguments -Wtype-limits: [1;32mYES[0m 
Compiler for C supports arguments -Wvariadic-macros: [1;32mYES[0m 
Compiler for C supports arguments -Wmaybe-uninitialized: [1;32mYES[0m 
Compiler for C supports arguments -Wno-missing-field-initializers: [1;32mYES[0m 
Compiler for C supports arguments -Wno-unused-parameter: [1;32mYES[0m 
Compiler for C supports arguments -Wno-pedantic: [1;32mYES[0m 
Compiler for C supports arguments -Wdeprecated-declarations: [1;32mYES[0m 
Compiler for C supports arguments -Wunused-result: [1;32mYES[0m 
Compiler for C supports arguments -Werror=return-type: [1;32mYES[0m 
Compiler for C supports arguments -D_GNU_SOURCE: [1;32mYES[0m 
Compiler for C supports arguments -DFASTPATH: [1;32mYES[0m 
Compiler for C supports arguments -Werror=implicit-function-declaration: [1;32mYES[0m 
Compiler for C supports arguments -Werror=int-conversion: [1;32mYES[0m 
Compiler for C supports arguments -Werror=old-style-declaration: [1;32mYES[0m 
Compiler for C supports arguments -Werror=old-style-definition: [1;32mYES[0m 
Compiler for C supports arguments -Werror=missing-parameter-type: [1;32mYES[0m 
Compiler for C supports arguments -Werror=strict-prototypes: [1;32mYES[0m 
C++ compiler for the host machine: [1mg++[0m (gcc 13.2.0 "g++ (GCC) 13.2.0")
C++ linker for the host machine: [1mg++[0m ld.bfd 2.41
Compiler for C++ supports arguments -fvisibility=hidden: [1;32mYES[0m 
Compiler for C++ supports arguments -fno-strict-aliasing: [1;32mYES[0m 
Compiler for C++ supports arguments -Werror=suggest-attribute=format: [1;32mYES[0m 
Compiler for C++ supports arguments -Wsign-compare: [1;32mYES[0m 
Compiler for C++ supports arguments -Wpointer-arith: [1;32mYES[0m 
Compiler for C++ supports arguments -Wpointer-sign: [1;31mNO[0m 
Compiler for C++ supports arguments -Wformat: [1;32mYES[0m 
Compiler for C++ supports arguments -Wformat-security: [1;32mYES[0m 
Compiler for C++ supports arguments -Wimplicit-fallthrough: [1;32mYES[0m 
Compiler for C++ supports arguments -Wmissing-braces: [1;32mYES[0m 
Compiler for C++ supports arguments -Wtype-limits: [1;32mYES[0m 
Compiler for C++ supports arguments -Wvariadic-macros: [1;32mYES[0m 
Compiler for C++ supports arguments -Wmaybe-uninitialized: [1;32mYES[0m 
Compiler for C++ supports arguments -Wno-missing-field-initializers: [1;32mYES[0m 
Compiler for C++ supports arguments -Wno-unused-parameter: [1;32mYES[0m 
Compiler for C++ supports arguments -Wno-pedantic: [1;32mYES[0m 
Compiler for C++ supports arguments -Wdeprecated-declarations: [1;32mYES[0m 
Compiler for C++ supports arguments -Wunused-result: [1;32mYES[0m 
Compiler for C++ supports arguments -Werror=return-type: [1;32mYES[0m 
Compiler for C++ supports arguments -Wno-c99-designator: [1;31mNO[0m 
Compiler for C supports arguments -msse: [1;32mYES[0m 
Compiler for C supports arguments -msse2: [1;32mYES[0m 
Compiler for C supports arguments -mssse3: [1;32mYES[0m 
Compiler for C supports arguments -msse4.1: [1;32mYES[0m 
Compiler for C supports arguments -mfma: [1;32mYES[0m 
Compiler for C supports arguments -mavx: [1;32mYES[0m 
Compiler for C supports arguments -mavx2: [1;32mYES[0m 
Compiler for C supports arguments -mfpu=neon: [1;31mNO[0m 
Library [1matomic[0m found: [1;32mYES[0m
Checking if "[1m8-byte __atomic_fetch_add without libatomic[0m" : links: [1;32mYES[0m 
Has header "[1msys/mount.h[0m" : [1;32mYES[0m 
Has header "[1msys/param.h[0m" : [1;32mYES[0m 
Has header "[1msys/random.h[0m" : [1;32mYES[0m 
Has header "[1msys/vfs.h[0m" : [1;32mYES[0m 
Has header "[1mpwd.h[0m" : [1;32mYES[0m 
Has header "[1mgrp.h[0m" : [1;32mYES[0m 
Fetching value of define "[1mSYS_pidfd_open[0m" : 434 
Found pkg-config: [1;32mYES[0m [1m(/nix/store/gx6s21qcy4glnla7f3nvrawnfrw6g3jl-pkg-config-wrapper-0.29.2/bin/pkg-config)[0m [1;34m0.29.2[0m
Run-time dependency [1msystemd[0m found: [1;32mYES[0m [36m255[0m
Run-time dependency [1mlibsystemd[0m found: [1;32mYES[0m [36m255[0m
Run-time dependency [1mlibselinux[0m found: [1;32mYES[0m [36m3.6[0m
Configuring [1mMakefile[0m using configuration
Library [1mm[0m found: [1;32mYES[0m
Library [1mrt[0m found: [1;32mYES[0m
Library [1mdl[0m found: [1;32mYES[0m
Run-time dependency [1mthreads[0m found: [1;32mYES[0m
Run-time dependency [1mdbus-1[0m found: [1;32mYES[0m [36m1.14.10[0m
Dependency [1msdl2[0m skipped: feature [1msdl2[0m disabled
Run-time dependency [1mlibdrm[0m found: [1;32mYES[0m [36m2.4.120[0m
Run-time dependency [1mreadline[0m found: [1;32mYES[0m [36m8.2[0m
Run-time dependency [1mlibavcodec[0m found: [1;32mYES[0m [36m60.31.102[0m
Run-time dependency [1mlibavformat[0m found: [1;32mYES[0m [36m60.16.100[0m
Run-time dependency [1mlibavutil[0m found: [1;32mYES[0m [36m58.29.100[0m
Run-time dependency [1mopus[0m found: [1;32mYES[0m [36m1.5.2[0m
Run-time dependency [1mncursesw[0m found: [1;32mYES[0m [36m6.4.20221231[0m
Run-time dependency [1msndfile[0m found: [1;32mYES[0m [36m1.2.2[0m
Run-time dependency [1mlibmysofa[0m found: [1;32mYES[0m [36m1.3[0m
Run-time dependency [1mlibpulse[0m found: [1;32mYES[0m [36m17.0[0m
Run-time dependency [1mavahi-client[0m found: [1;32mYES[0m [36m0.8[0m
Run-time dependency [1mx11-xcb[0m found: [1;32mYES[0m [36m1.8.9[0m
Run-time dependency [1mxfixes[0m found: [1;32mYES[0m [36m6.0.1[0m
Run-time dependency [1mlibcanberra[0m found: [1;32mYES[0m [36m0.30[0m
Run-time dependency [1mlibusb-1.0[0m found: [1;32mYES[0m [36m1.0.27[0m
Run-time dependency [1mlibcap[0m found: [1;32mYES[0m [36m2.69[0m
Run-time dependency [1mglib-2.0[0m found: [1;32mYES[0m [36m2.80.2[0m
Run-time dependency [1mgio-2.0[0m found: [1;32mYES[0m [36m2.80.2[0m
Dependency [1mglib-2.0[0m skipped: feature [1mgstreamer[0m disabled

meson.build:371:6: [1;31mERROR:[0m Problem encountered: `gstreamer-device-provider` is enabled but `glib-2.0` was not found.

A full log can be found at [1m/build/source/build/meson-logs/meson-log.txt[0m
