[root@nixos:~/nixpkgs]# nixos-rebuild switch -p resolvconf-test -I nixpkgs=.
building Nix...
building the system configuration...
these 12 derivations will be built:
  /nix/store/w0jzc4vc28jwy7gx4gbc1b5cf0s84nry-system-path.drv
  /nix/store/49y4dsjb57frnhx8gwlxlqcd0syh106x-unit-systemd-fsck-.service.drv
  /nix/store/z1b78f0z5p627xmby6dxj2rf1c6sps3m-etc-resolvconf.conf.drv
  /nix/store/dynkl0k4ws5phqdvzczm2r2ifsx8sc83-unit-resolvconf.service.drv
  /nix/store/ma4v1wbr5ridyayb0j1iwc8f898zwr93-dbus-1.drv
  /nix/store/zmx7j1pg1qcvb2cy902advx6kcfgc1n5-unit-dbus.service.drv
  /nix/store/0bgi13hz8xp834r5hb2b66s1ri039v7a-system-units.drv
  /nix/store/n9svp986c58wbhgn8azaigisbwpk9hrh-unit-dbus.service.drv
  /nix/store/8sy47s6rhx4vm38wgpbm7idnlzlv16zk-user-units.drv
  /nix/store/i3qc6rqndidn4myvkl87fzsymab92qwq-etc.drv
  /nix/store/mml7r33a4398494ry5405pakgcqv832b-stage-2-init.sh.drv
  /nix/store/acmvbh4zp6fkc60ggyvhx4rb4ag3jn4n-nixos-system-nixos-23.05.git.04e7467c749.drv
building '/nix/store/mml7r33a4398494ry5405pakgcqv832b-stage-2-init.sh.drv'...
building '/nix/store/w0jzc4vc28jwy7gx4gbc1b5cf0s84nry-system-path.drv'...
building '/nix/store/z1b78f0z5p627xmby6dxj2rf1c6sps3m-etc-resolvconf.conf.drv'...
building '/nix/store/dynkl0k4ws5phqdvzczm2r2ifsx8sc83-unit-resolvconf.service.drv'...
warning: collision between `/nix/store/07lpvy9mfr882ap43dmk5cjpwbwi644b-vim-9.0.1369/bin/rvim' and `/nix/store/kxcwg0kgfr9vy4sjyhhfawdamgcz9gl9-vim/bin/rvim'
warning: collision between `/nix/store/07lpvy9mfr882ap43dmk5cjpwbwi644b-vim-9.0.1369/bin/ex' and `/nix/store/kxcwg0kgfr9vy4sjyhhfawdamgcz9gl9-vim/bin/ex'
warning: collision between `/nix/store/07lpvy9mfr882ap43dmk5cjpwbwi644b-vim-9.0.1369/bin/vim' and `/nix/store/kxcwg0kgfr9vy4sjyhhfawdamgcz9gl9-vim/bin/vim'
warning: collision between `/nix/store/07lpvy9mfr882ap43dmk5cjpwbwi644b-vim-9.0.1369/bin/vimdiff' and `/nix/store/kxcwg0kgfr9vy4sjyhhfawdamgcz9gl9-vim/bin/vimdiff'
warning: collision between `/nix/store/07lpvy9mfr882ap43dmk5cjpwbwi644b-vim-9.0.1369/bin/vi' and `/nix/store/kxcwg0kgfr9vy4sjyhhfawdamgcz9gl9-vim/bin/vi'
warning: collision between `/nix/store/07lpvy9mfr882ap43dmk5cjpwbwi644b-vim-9.0.1369/bin/rview' and `/nix/store/kxcwg0kgfr9vy4sjyhhfawdamgcz9gl9-vim/bin/rview'
warning: collision between `/nix/store/07lpvy9mfr882ap43dmk5cjpwbwi644b-vim-9.0.1369/bin/vimtutor' and `/nix/store/kxcwg0kgfr9vy4sjyhhfawdamgcz9gl9-vim/bin/vimtutor'
warning: collision between `/nix/store/07lpvy9mfr882ap43dmk5cjpwbwi644b-vim-9.0.1369/bin/xxd' and `/nix/store/kxcwg0kgfr9vy4sjyhhfawdamgcz9gl9-vim/bin/xxd'
warning: collision between `/nix/store/07lpvy9mfr882ap43dmk5cjpwbwi644b-vim-9.0.1369/bin/view' and `/nix/store/kxcwg0kgfr9vy4sjyhhfawdamgcz9gl9-vim/bin/view'
created 1380 symlinks in user environment
building '/nix/store/ma4v1wbr5ridyayb0j1iwc8f898zwr93-dbus-1.drv'...
building '/nix/store/49y4dsjb57frnhx8gwlxlqcd0syh106x-unit-systemd-fsck-.service.drv'...
building '/nix/store/n9svp986c58wbhgn8azaigisbwpk9hrh-unit-dbus.service.drv'...
building '/nix/store/zmx7j1pg1qcvb2cy902advx6kcfgc1n5-unit-dbus.service.drv'...
building '/nix/store/8sy47s6rhx4vm38wgpbm7idnlzlv16zk-user-units.drv'...
building '/nix/store/0bgi13hz8xp834r5hb2b66s1ri039v7a-system-units.drv'...
building '/nix/store/i3qc6rqndidn4myvkl87fzsymab92qwq-etc.drv'...
building '/nix/store/acmvbh4zp6fkc60ggyvhx4rb4ag3jn4n-nixos-system-nixos-23.05.git.04e7467c749.drv'...
activating the configuration...
setting up /etc...
reloading user units for root...
setting up tmpfiles
reloading the following units: dbus.service
the following new units were started: network-pre.target, resolvconf.service

[root@nixos:~/nixpkgs]# ls -la /nix/var/nix/profiles/system-profiles/
total 16
drwxr-xr-x 2 root root 4096 Mar 18 18:07 .
drwxr-xr-x 4 root root 4096 Mar 18 17:46 ..
lrwxrwxrwx 1 root root   22 Mar 18 18:07 resolvconf-test -> resolvconf-test-2-link
lrwxrwxrwx 1 root root   87 Mar 18 17:47 resolvconf-test-1-link -> /nix/store/fa34wi1fmlbr3c84dx2j1cxzlar0qgah-nixos-system-nixos-23.05.git.04e7467c749
lrwxrwxrwx 1 root root   87 Mar 18 18:07 resolvconf-test-2-link -> /nix/store/a8lzgy1x001naa2amhf432w6xv9k64yd-nixos-system-nixos-23.05.git.04e7467c749

[root@nixos:~/nixpkgs]# nix-store --query --requisites /nix/store/a8lzgy1x001naa2amhf432w6xv9k64yd-nixos-system-nixos-23.05.git.04e7467c749/ | grep openresolv
/nix/store/cqis3kbabbifdg231ckc95m4mgygq3gs-openresolv-3.12.0

